2021-02-18 14:06:40,941 INFO [background-preinit] o.h.v.i.u.Version.<clinit> HV000001: Hibernate Validator 6.1.6.Final
2021-02-18 14:06:40,973 INFO [main] o.s.b.StartupInfoLogger.logStarting Starting InlifeWebhookApplication on DESKTOP-ECQOOMN with PID 6078 (/home/user/upwork/git/inlife-client-api-webhook/build/classes/java/main started by user in /home/user/upwork/git/inlife-client-api-webhook)
2021-02-18 14:06:40,979 INFO [main] o.s.b.SpringApplication.logStartupProfileInfo The following profiles are active: dev
2021-02-18 14:06:41,571 INFO [main] o.s.d.r.c.RepositoryConfigurationDelegate.registerRepositoriesIn Bootstrapping Spring Data JPA repositories in DEFAULT mode.
2021-02-18 14:06:41,616 INFO [main] o.s.d.r.c.RepositoryConfigurationDelegate.registerRepositoriesIn Finished Spring Data repository scanning in 37ms. Found 1 JPA repository interfaces.
2021-02-18 14:06:42,358 INFO [main] o.s.b.w.e.t.TomcatWebServer.initialize Tomcat initialized with port(s): 8080 (http)
2021-02-18 14:06:42,367 INFO [main] o.a.j.l.DirectJDKLog.log Initializing ProtocolHandler ["http-nio-8080"]
2021-02-18 14:06:42,368 INFO [main] o.a.j.l.DirectJDKLog.log Starting service [Tomcat]
2021-02-18 14:06:42,369 INFO [main] o.a.j.l.DirectJDKLog.log Starting Servlet engine: [Apache Tomcat/9.0.41]
2021-02-18 14:06:42,458 INFO [main] o.a.j.l.DirectJDKLog.log Initializing Spring embedded WebApplicationContext
2021-02-18 14:06:42,459 INFO [main] o.s.b.w.s.c.ServletWebServerApplicationContext.prepareWebApplicationContext Root WebApplicationContext: initialization completed in 1426 ms
2021-02-18 14:06:42,492 DEBUG [main] o.s.w.f.GenericFilterBean.init Filter 'logFilter' configured for use
2021-02-18 14:06:42,612 INFO [main] o.h.j.i.u.LogHelper.logPersistenceUnitInformation HHH000204: Processing PersistenceUnitInfo [name: default]
2021-02-18 14:06:42,645 INFO [main] o.h.Version.logVersion HHH000412: Hibernate ORM core version 5.4.25.Final
2021-02-18 14:06:42,768 INFO [main] o.h.a.c.r.j.JavaReflectionManager.<clinit> HCANN000001: Hibernate Commons Annotations {5.1.2.Final}
2021-02-18 14:06:42,852 INFO [main] c.z.h.HikariDataSource.getConnection HikariPool-1 - Starting...
2021-02-18 14:06:42,998 INFO [main] c.z.h.HikariDataSource.getConnection HikariPool-1 - Start completed.
2021-02-18 14:06:43,008 INFO [main] o.h.d.Dialect.<init> HHH000400: Using dialect: org.hibernate.dialect.MySQL5Dialect
2021-02-18 14:06:43,552 INFO [main] o.h.e.t.j.p.i.JtaPlatformInitiator.initiateService HHH000490: Using JtaPlatform implementation: [org.hibernate.engine.transaction.jta.platform.internal.NoJtaPlatform]
2021-02-18 14:06:43,558 INFO [main] o.s.o.j.AbstractEntityManagerFactoryBean.buildNativeEntityManagerFactory Initialized JPA EntityManagerFactory for persistence unit 'default'
2021-02-18 14:06:43,971 INFO [main] o.s.s.c.ExecutorConfigurationSupport.initialize Initializing ExecutorService
2021-02-18 14:06:43,974 INFO [main] o.s.s.c.ExecutorConfigurationSupport.initialize Initializing ExecutorService 'taskExecutor'
2021-02-18 14:06:44,063 DEBUG [main] o.s.w.s.h.AbstractHandlerMethodMapping.handlerMethodsInitialized 9 mappings in 'requestMappingHandlerMapping'
2021-02-18 14:06:44,122 DEBUG [main] o.s.w.s.m.m.a.RequestMappingHandlerAdapter.initControllerAdviceCache ControllerAdvice beans: 0 @ModelAttribute, 0 @InitBinder, 1 RequestBodyAdvice, 1 ResponseBodyAdvice
2021-02-18 14:06:44,188 DEBUG [main] o.s.w.s.m.m.a.ExceptionHandlerExceptionResolver.initExceptionHandlerAdviceCache ControllerAdvice beans: 1 @ExceptionHandler, 1 ResponseBodyAdvice
2021-02-18 14:06:44,443 INFO [main] o.a.j.l.DirectJDKLog.log Starting ProtocolHandler ["http-nio-8080"]
2021-02-18 14:06:44,469 INFO [main] o.s.b.w.e.t.TomcatWebServer.start Tomcat started on port(s): 8080 (http) with context path '/api'
2021-02-18 14:06:44,479 INFO [main] o.s.b.StartupInfoLogger.logStarted Started InlifeWebhookApplication in 3.987 seconds (JVM running for 4.907)
2021-02-18 14:06:51,956 INFO [http-nio-8080-exec-1] o.a.j.l.DirectJDKLog.log Initializing Spring DispatcherServlet 'dispatcherServlet'
2021-02-18 14:06:51,956 INFO [http-nio-8080-exec-1] o.s.w.s.FrameworkServlet.initServletBean Initializing Servlet 'dispatcherServlet'
2021-02-18 14:06:51,957 DEBUG [http-nio-8080-exec-1] o.s.w.s.DispatcherServlet.initMultipartResolver Detected StandardServletMultipartResolver
2021-02-18 14:06:51,970 DEBUG [http-nio-8080-exec-1] o.s.w.s.FrameworkServlet.initServletBean enableLoggingRequestDetails='false': request parameters and headers will be masked to prevent unsafe logging of potentially sensitive data
2021-02-18 14:06:51,970 INFO [http-nio-8080-exec-1] o.s.w.s.FrameworkServlet.initServletBean Completed initialization in 14 ms
2021-02-18 14:06:51,989 DEBUG [http-nio-8080-exec-1] o.s.w.f.CommonsRequestLoggingFilter.beforeRequest Before request [POST /api/webhook/client, headers=[host:"localhost:8080", connection:"keep-alive", content-length:"299297", cache-control:"no-cache", x-correlation-id:"6fab3569-9a72-4981-9471-8a100c84b678", user-agent:"Mozilla/5.0 (Windows NT 10.0; Win64; x64) AppleWebKit/537.36 (KHTML, like Gecko) Chrome/88.0.4324.150 Safari/537.36", postman-token:"8fc1f5bc-0569-9e87-b73c-46130ecd9d33", accept:"*/*", origin:"chrome-extension://fhbjgbiflinjbdggehcddcbncdddomop", sec-fetch-site:"none", sec-fetch-mode:"cors", sec-fetch-dest:"empty", accept-encoding:"gzip, deflate, br", accept-language:"en-US,en;q=0.9,ja;q=0.8", Content-Type:"application/json;charset=UTF-8"]]
2021-02-18 14:06:51,994 DEBUG [http-nio-8080-exec-1] o.s.c.l.LogFormatUtils.traceDebug POST "/api/webhook/client", parameters={}
2021-02-18 14:06:51,997 DEBUG [http-nio-8080-exec-1] o.s.w.s.h.AbstractHandlerMapping.getHandler Mapped to com.inlife.webhook.controllers.JsonWebhookController#createClientEntry(ClientRequestDto)
2021-02-18 14:06:52,003 INFO [http-nio-8080-exec-1] c.i.w.CorrelationInterceptor.preHandle CorrelationId: 6fab3569-9a72-4981-9471-8a100c84b678
2021-02-18 14:06:52,131 DEBUG [http-nio-8080-exec-1] o.s.c.l.LogFormatUtils.traceDebug Read "application/json;charset=UTF-8" to [com.inlife.webhook.dto.ClientRequestDto@198471c1]
2021-02-18 14:06:52,151 INFO [AppThreadPoolExecutor-1] c.i.w.a.JsonWebhookServiceAspect.saveClientAsyncBefore saveClientAsync service started  - item_id: 1653440018
2021-02-18 14:06:52,167 DEBUG [http-nio-8080-exec-1] o.s.w.s.m.m.a.AbstractMessageConverterMethodProcessor.writeWithMessageConverters Using 'application/json', given [*/*] and supported [application/json, application/*+json]
2021-02-18 14:06:52,167 INFO [AppThreadPoolExecutor-1] c.i.w.a.JsonWebhookServiceAspect.saveClientAsyncAfter saveClientAsync service ended - CompletableFuture com.inlife.webhook.services.JsonWebhookServiceImpl.saveClientAsync(ClientRequestDto)
2021-02-18 14:06:52,168 DEBUG [http-nio-8080-exec-1] o.s.c.l.LogFormatUtils.traceDebug Writing [com.inlife.webhook.common.SuccessResponse@7fdfe17]
2021-02-18 14:06:52,182 INFO [http-nio-8080-exec-1] c.i.w.CorrelationInterceptor.afterCompletion Inbound HTTP request ended 
2021-02-18 14:06:52,183 DEBUG [http-nio-8080-exec-1] o.s.w.s.FrameworkServlet.logResult Completed 200 OK
2021-02-18 14:06:52,187 DEBUG [http-nio-8080-exec-1] o.s.w.f.CommonsRequestLoggingFilter.afterRequest REQUEST DATA : POST /api/webhook/client, headers=[host:"localhost:8080", connection:"keep-alive", content-length:"299297", cache-control:"no-cache", x-correlation-id:"6fab3569-9a72-4981-9471-8a100c84b678", user-agent:"Mozilla/5.0 (Windows NT 10.0; Win64; x64) AppleWebKit/537.36 (KHTML, like Gecko) Chrome/88.0.4324.150 Safari/537.36", postman-token:"8fc1f5bc-0569-9e87-b73c-46130ecd9d33", accept:"*/*", origin:"chrome-extension://fhbjgbiflinjbdggehcddcbncdddomop", sec-fetch-site:"none", sec-fetch-mode:"cors", sec-fetch-dest:"empty", accept-encoding:"gzip, deflate, br", accept-language:"en-US,en;q=0.9,ja;q=0.8", Content-Type:"application/json;charset=UTF-8"], payload={
  "presence":null,
  "app":{
    "status":"active",
    "sharefile_vault_url":null,
    "name]
2021-02-18 14:06:52,265 INFO [ForkJoinPool.commonPool-worker-5] c.i.w.s.JsonWebhookServiceImpl.lambda$saveClientAsync$27 label: Hold next meeting by
2021-02-18 14:06:52,265 INFO [ForkJoinPool.commonPool-worker-3] c.i.w.s.JsonWebhookServiceImpl.lambda$saveClientAsync$27 label: Overall health: Falls
2021-02-18 14:06:52,266 INFO [ForkJoinPool.commonPool-worker-3] c.i.w.s.JsonWebhookServiceImpl.lambda$saveClientAsync$27 label: Overall health: Pain management
2021-02-18 14:06:52,266 INFO [ForkJoinPool.commonPool-worker-3] c.i.w.s.JsonWebhookServiceImpl.lambda$saveClientAsync$27 label: Overall health: memory
2021-02-18 14:06:52,266 INFO [ForkJoinPool.commonPool-worker-3] c.i.w.s.JsonWebhookServiceImpl.lambda$saveClientAsync$27 label: Medication summary
2021-02-18 14:06:52,266 INFO [ForkJoinPool.commonPool-worker-3] c.i.w.s.JsonWebhookServiceImpl.lambda$saveClientAsync$27 label: InLife role in medication administration?
2021-02-18 14:06:52,267 INFO [ForkJoinPool.commonPool-worker-3] c.i.w.s.JsonWebhookServiceImpl.lambda$saveClientAsync$27 label: Date medication details last saved to ShareFile
2021-02-18 14:06:52,267 INFO [ForkJoinPool.commonPool-worker-3] c.i.w.s.JsonWebhookServiceImpl.lambda$saveClientAsync$27 label: Current therapists/allied health professionals
2021-02-18 14:06:52,267 INFO [ForkJoinPool.commonPool-worker-3] c.i.w.s.JsonWebhookServiceImpl.lambda$saveClientAsync$27 label: Description of therapy support services
2021-02-18 14:06:52,268 INFO [ForkJoinPool.commonPool-worker-3] c.i.w.s.JsonWebhookServiceImpl.lambda$saveClientAsync$27 label: --
2021-02-18 14:06:52,268 INFO [ForkJoinPool.commonPool-worker-3] c.i.w.s.JsonWebhookServiceImpl.lambda$saveClientAsync$27 label: Nav links
2021-02-18 14:06:52,268 INFO [ForkJoinPool.commonPool-worker-3] c.i.w.s.JsonWebhookServiceImpl.lambda$saveClientAsync$27 label: Mobility and transfers
2021-02-18 14:06:52,269 INFO [ForkJoinPool.commonPool-worker-3] c.i.w.s.JsonWebhookServiceImpl.lambda$saveClientAsync$27 label: Self /personal care/dressing etc 
2021-02-18 14:06:52,269 INFO [ForkJoinPool.commonPool-worker-3] c.i.w.s.JsonWebhookServiceImpl.lambda$saveClientAsync$27 label: Continence management
2021-02-18 14:06:52,269 INFO [ForkJoinPool.commonPool-worker-3] c.i.w.s.JsonWebhookServiceImpl.lambda$saveClientAsync$27 label: Aids and equipment
2021-02-18 14:06:52,269 INFO [ForkJoinPool.commonPool-worker-3] c.i.w.s.JsonWebhookServiceImpl.lambda$saveClientAsync$27 label: Mealtime assistance / food preparation
2021-02-18 14:06:52,269 INFO [ForkJoinPool.commonPool-worker-3] c.i.w.s.JsonWebhookServiceImpl.lambda$saveClientAsync$27 label: Assistance with communication
2021-02-18 14:06:52,270 INFO [ForkJoinPool.commonPool-worker-3] c.i.w.s.JsonWebhookServiceImpl.lambda$saveClientAsync$27 label: Household tasks
2021-02-18 14:06:52,270 INFO [ForkJoinPool.commonPool-worker-3] c.i.w.s.JsonWebhookServiceImpl.lambda$saveClientAsync$27 label: WWC check required
2021-02-18 14:06:52,270 INFO [ForkJoinPool.commonPool-worker-3] c.i.w.s.JsonWebhookServiceImpl.lambda$saveClientAsync$27 label: Other client specific issues to note
2021-02-18 14:06:52,270 INFO [ForkJoinPool.commonPool-worker-3] c.i.w.s.JsonWebhookServiceImpl.lambda$saveClientAsync$27 label: --
2021-02-18 14:06:52,271 INFO [ForkJoinPool.commonPool-worker-3] c.i.w.s.JsonWebhookServiceImpl.lambda$saveClientAsync$27 label: Nav links
2021-02-18 14:06:52,271 INFO [ForkJoinPool.commonPool-worker-3] c.i.w.s.JsonWebhookServiceImpl.lambda$saveClientAsync$27 label: Primary disability
2021-02-18 14:06:52,269 INFO [ForkJoinPool.commonPool-worker-5] c.i.w.s.JsonWebhookServiceImpl.lambda$saveClientAsync$27 label: Client plan preparation
2021-02-18 14:06:52,271 INFO [ForkJoinPool.commonPool-worker-3] c.i.w.s.JsonWebhookServiceImpl.lambda$saveClientAsync$27 label: Associated disability or medical condition
2021-02-18 14:06:52,271 INFO [ForkJoinPool.commonPool-worker-3] c.i.w.s.JsonWebhookServiceImpl.lambda$saveClientAsync$27 label: Abilities/limitations
2021-02-18 14:06:52,272 INFO [ForkJoinPool.commonPool-worker-3] c.i.w.s.JsonWebhookServiceImpl.lambda$saveClientAsync$27 label: Overall health: Vision
2021-02-18 14:06:52,273 INFO [ForkJoinPool.commonPool-worker-3] c.i.w.s.JsonWebhookServiceImpl.lambda$saveClientAsync$27 label: Overall health: Hearing
2021-02-18 14:06:52,273 INFO [ForkJoinPool.commonPool-worker-3] c.i.w.s.JsonWebhookServiceImpl.lambda$saveClientAsync$27 label: Does the person identify as indigenous
2021-02-18 14:06:52,273 INFO [ForkJoinPool.commonPool-worker-3] c.i.w.s.JsonWebhookServiceImpl.lambda$saveClientAsync$27 label: Indigenous culture/heritage notes
2021-02-18 14:06:52,273 INFO [ForkJoinPool.commonPool-worker-5] c.i.w.s.JsonWebhookServiceImpl.lambda$saveClientAsync$27 label: Date client plan was last saved to ShareFile
2021-02-18 14:06:52,274 INFO [ForkJoinPool.commonPool-worker-3] c.i.w.s.JsonWebhookServiceImpl.lambda$saveClientAsync$27 label: Culture and/or identity issues to consider
2021-02-18 14:06:52,274 INFO [ForkJoinPool.commonPool-worker-3] c.i.w.s.JsonWebhookServiceImpl.lambda$saveClientAsync$27 label: Culture and/or identity notes
2021-02-18 14:06:52,274 INFO [ForkJoinPool.commonPool-worker-5] c.i.w.s.JsonWebhookServiceImpl.lambda$saveClientAsync$27 label: Date client plan was last approved by client
2021-02-18 14:06:52,274 INFO [ForkJoinPool.commonPool-worker-3] c.i.w.s.JsonWebhookServiceImpl.lambda$saveClientAsync$27 label: Living arrangements and daily life
2021-02-18 14:06:52,275 INFO [ForkJoinPool.commonPool-worker-3] c.i.w.s.JsonWebhookServiceImpl.lambda$saveClientAsync$27 label: Family/informal carer information
2021-02-18 14:06:52,275 INFO [ForkJoinPool.commonPool-worker-3] c.i.w.s.JsonWebhookServiceImpl.lambda$saveClientAsync$27 label: Pets
2021-02-18 14:06:52,275 INFO [ForkJoinPool.commonPool-worker-5] c.i.w.s.JsonWebhookServiceImpl.lambda$saveClientAsync$27 label: Date client plan was last posted on Deputy
2021-02-18 14:06:52,275 INFO [ForkJoinPool.commonPool-worker-3] c.i.w.s.JsonWebhookServiceImpl.lambda$saveClientAsync$27 label: Home assessment
2021-02-18 14:06:52,265 INFO [ForkJoinPool.commonPool-worker-7] c.i.w.s.JsonWebhookServiceImpl.lambda$saveClientAsync$27 label: Funding budgets
2021-02-18 14:06:52,275 INFO [ForkJoinPool.commonPool-worker-7] c.i.w.s.JsonWebhookServiceImpl.lambda$saveClientAsync$27 label: --
2021-02-18 14:06:52,275 INFO [ForkJoinPool.commonPool-worker-5] c.i.w.s.JsonWebhookServiceImpl.lambda$saveClientAsync$27 label: Onboarding requirements completed
2021-02-18 14:06:52,276 INFO [ForkJoinPool.commonPool-worker-7] c.i.w.s.JsonWebhookServiceImpl.lambda$saveClientAsync$27 label: Nav links
2021-02-18 14:06:52,276 INFO [ForkJoinPool.commonPool-worker-5] c.i.w.s.JsonWebhookServiceImpl.lambda$saveClientAsync$27 label: Date onboarding requirements completed
2021-02-18 14:06:52,276 INFO [ForkJoinPool.commonPool-worker-7] c.i.w.s.JsonWebhookServiceImpl.lambda$saveClientAsync$27 label: Service agreement
2021-02-18 14:06:52,276 INFO [ForkJoinPool.commonPool-worker-7] c.i.w.s.JsonWebhookServiceImpl.lambda$saveClientAsync$27 label: Date Service agreement was signed
2021-02-18 14:06:52,276 INFO [ForkJoinPool.commonPool-worker-7] c.i.w.s.JsonWebhookServiceImpl.lambda$saveClientAsync$27 label: Date onboarding docs acknowledged
2021-02-18 14:06:52,276 INFO [ForkJoinPool.commonPool-worker-5] c.i.w.s.JsonWebhookServiceImpl.lambda$saveClientAsync$27 label: Notes
2021-02-18 14:06:52,276 INFO [ForkJoinPool.commonPool-worker-7] c.i.w.s.JsonWebhookServiceImpl.lambda$saveClientAsync$27 label: Pay grade classification
2021-02-18 14:06:52,277 INFO [ForkJoinPool.commonPool-worker-5] c.i.w.s.JsonWebhookServiceImpl.lambda$saveClientAsync$27 label: --
2021-02-18 14:06:52,277 INFO [ForkJoinPool.commonPool-worker-7] c.i.w.s.JsonWebhookServiceImpl.lambda$saveClientAsync$27 label: Reason for SACS classification
2021-02-18 14:06:52,277 INFO [ForkJoinPool.commonPool-worker-7] c.i.w.s.JsonWebhookServiceImpl.lambda$saveClientAsync$27 label: NDIS price level
2021-02-18 14:06:52,277 INFO [ForkJoinPool.commonPool-worker-5] c.i.w.s.JsonWebhookServiceImpl.lambda$saveClientAsync$27 label: InLife Coordinator
2021-02-18 14:06:52,277 INFO [ForkJoinPool.commonPool-worker-7] c.i.w.s.JsonWebhookServiceImpl.lambda$saveClientAsync$27 label: Location (region)
2021-02-18 14:06:52,277 INFO [ForkJoinPool.commonPool-worker-7] c.i.w.s.JsonWebhookServiceImpl.lambda$saveClientAsync$27 label: Location
2021-02-18 14:06:52,277 INFO [ForkJoinPool.commonPool-worker-7] c.i.w.s.JsonWebhookServiceImpl.lambda$saveClientAsync$27 label: Service delivery start date
2021-02-18 14:06:52,278 INFO [ForkJoinPool.commonPool-worker-7] c.i.w.s.JsonWebhookServiceImpl.lambda$saveClientAsync$27 label: Service delivery end date
2021-02-18 14:06:52,280 INFO [ForkJoinPool.commonPool-worker-7] c.i.w.s.JsonWebhookServiceImpl.lambda$saveClientAsync$27 label: approver_names(do-not-delete)
2021-02-18 14:06:52,281 INFO [ForkJoinPool.commonPool-worker-7] c.i.w.s.JsonWebhookServiceImpl.lambda$saveClientAsync$27 label: approver_emails(do-not-delete)
2021-02-18 14:06:52,275 INFO [ForkJoinPool.commonPool-worker-3] c.i.w.s.JsonWebhookServiceImpl.lambda$saveClientAsync$27 label: Detailed routine on ShareFile
2021-02-18 14:06:52,283 INFO [ForkJoinPool.commonPool-worker-3] c.i.w.s.JsonWebhookServiceImpl.lambda$saveClientAsync$27 label: Training requirements
2021-02-18 14:06:52,283 INFO [ForkJoinPool.commonPool-worker-3] c.i.w.s.JsonWebhookServiceImpl.lambda$saveClientAsync$27 label: On-call notes
2021-02-18 14:06:52,283 INFO [ForkJoinPool.commonPool-worker-3] c.i.w.s.JsonWebhookServiceImpl.lambda$saveClientAsync$27 label: --
2021-02-18 14:06:52,283 INFO [ForkJoinPool.commonPool-worker-3] c.i.w.s.JsonWebhookServiceImpl.lambda$saveClientAsync$27 label: Nav links
2021-02-18 14:06:52,283 INFO [ForkJoinPool.commonPool-worker-3] c.i.w.s.JsonWebhookServiceImpl.lambda$saveClientAsync$27 label: Primary funding source
2021-02-18 14:06:52,283 INFO [ForkJoinPool.commonPool-worker-5] c.i.w.s.JsonWebhookServiceImpl.lambda$saveClientAsync$27 label: File Notes
2021-02-18 14:06:52,284 INFO [ForkJoinPool.commonPool-worker-3] c.i.w.s.JsonWebhookServiceImpl.lambda$saveClientAsync$27 label: Agency ID
2021-02-18 14:06:52,284 INFO [ForkJoinPool.commonPool-worker-3] c.i.w.s.JsonWebhookServiceImpl.lambda$saveClientAsync$27 label: Billing method
2021-02-18 14:06:52,284 INFO [ForkJoinPool.commonPool-worker-3] c.i.w.s.JsonWebhookServiceImpl.lambda$saveClientAsync$27 label: Send invoices to
2021-02-18 14:06:52,284 INFO [ForkJoinPool.commonPool-worker-3] c.i.w.s.JsonWebhookServiceImpl.lambda$saveClientAsync$27 label: Goals and plans to achieve them
2021-02-18 14:06:52,284 INFO [ForkJoinPool.commonPool-worker-5] c.i.w.s.JsonWebhookServiceImpl.lambda$saveClientAsync$27 label: Incident Reports
2021-02-18 14:06:52,284 INFO [ForkJoinPool.commonPool-worker-3] c.i.w.s.JsonWebhookServiceImpl.lambda$saveClientAsync$27 label: --
2021-02-18 14:06:52,284 INFO [ForkJoinPool.commonPool-worker-3] c.i.w.s.JsonWebhookServiceImpl.lambda$saveClientAsync$27 label: Nav links
2021-02-18 14:06:52,284 INFO [ForkJoinPool.commonPool-worker-3] c.i.w.s.JsonWebhookServiceImpl.lambda$saveClientAsync$27 label: Nominated representative
2021-02-18 14:06:52,285 INFO [ForkJoinPool.commonPool-worker-5] c.i.w.s.JsonWebhookServiceImpl.lambda$saveClientAsync$27 label: Documentation required from Assistants on shift
2021-02-18 14:06:52,285 INFO [ForkJoinPool.commonPool-worker-5] c.i.w.s.JsonWebhookServiceImpl.lambda$saveClientAsync$27 label: Emergency management plan
2021-02-18 14:06:52,282 INFO [ForkJoinPool.commonPool-worker-7] c.i.w.s.JsonWebhookServiceImpl.lambda$saveClientAsync$27 label: approvers_count(do-not-delete)
2021-02-18 14:06:52,285 INFO [ForkJoinPool.commonPool-worker-3] c.i.w.s.JsonWebhookServiceImpl.lambda$saveClientAsync$27 label: Nom. rep. role and relationship with client
2021-02-18 14:06:52,286 INFO [ForkJoinPool.commonPool-worker-7] c.i.w.s.JsonWebhookServiceImpl.lambda$saveClientAsync$27 label: Next Birthday Date
2021-02-18 14:06:52,290 INFO [ForkJoinPool.commonPool-worker-7] c.i.w.s.JsonWebhookServiceImpl.lambda$saveClientAsync$27 label: Primary method(s) of transport with InLife
2021-02-18 14:06:52,290 INFO [ForkJoinPool.commonPool-worker-7] c.i.w.s.JsonWebhookServiceImpl.lambda$saveClientAsync$27 label: Client's vehicle insurance policy on ShareFile
2021-02-18 14:06:52,291 INFO [ForkJoinPool.commonPool-worker-7] c.i.w.s.JsonWebhookServiceImpl.lambda$saveClientAsync$27 label: Vehicle insurance renewal date
2021-02-18 14:06:52,291 INFO [ForkJoinPool.commonPool-worker-7] c.i.w.s.JsonWebhookServiceImpl.lambda$saveClientAsync$27 label: Money handling
2021-02-18 14:06:52,291 INFO [ForkJoinPool.commonPool-worker-7] c.i.w.s.JsonWebhookServiceImpl.lambda$saveClientAsync$27 label: Supervision and safety
2021-02-18 14:06:52,291 INFO [ForkJoinPool.commonPool-worker-7] c.i.w.s.JsonWebhookServiceImpl.lambda$saveClientAsync$27 label: Behaviour support needs
2021-02-18 14:06:52,291 INFO [ForkJoinPool.commonPool-worker-7] c.i.w.s.JsonWebhookServiceImpl.lambda$saveClientAsync$27 label: Daily/social activities
2021-02-18 14:06:52,291 INFO [ForkJoinPool.commonPool-worker-7] c.i.w.s.JsonWebhookServiceImpl.lambda$saveClientAsync$27 label: Typical routine
2021-02-18 14:06:52,292 INFO [ForkJoinPool.commonPool-worker-7] c.i.w.s.JsonWebhookServiceImpl.lambda$saveClientAsync$27 label: Date of birth
2021-02-18 14:06:52,292 INFO [ForkJoinPool.commonPool-worker-7] c.i.w.s.JsonWebhookServiceImpl.lambda$saveClientAsync$27 label: Client Plan link
2021-02-18 14:06:52,287 INFO [ForkJoinPool.commonPool-worker-3] c.i.w.s.JsonWebhookServiceImpl.lambda$saveClientAsync$27 label: Emergency contact / next of kin
2021-02-18 14:06:52,287 INFO [ForkJoinPool.commonPool-worker-5] c.i.w.s.JsonWebhookServiceImpl.lambda$saveClientAsync$27 label: Emergency alerts
2021-02-18 14:06:52,293 INFO [ForkJoinPool.commonPool-worker-5] c.i.w.s.JsonWebhookServiceImpl.lambda$saveClientAsync$27 label: Shared calendar use
2021-02-18 14:06:52,294 INFO [ForkJoinPool.commonPool-worker-5] c.i.w.s.JsonWebhookServiceImpl.lambda$saveClientAsync$27 label: Date of last formal client meeting
2021-02-18 14:06:52,293 INFO [ForkJoinPool.commonPool-worker-3] c.i.w.s.JsonWebhookServiceImpl.lambda$saveClientAsync$27 label: Emerg. contact relationship with client
2021-02-18 14:06:52,294 INFO [ForkJoinPool.commonPool-worker-5] c.i.w.s.JsonWebhookServiceImpl.lambda$saveClientAsync$27 label: Forward roster required
2021-02-18 14:06:52,295 INFO [ForkJoinPool.commonPool-worker-5] c.i.w.s.JsonWebhookServiceImpl.lambda$saveClientAsync$27 label: Timesheet approval method
2021-02-18 14:06:52,294 INFO [ForkJoinPool.commonPool-worker-3] c.i.w.s.JsonWebhookServiceImpl.lambda$saveClientAsync$27 label: Other supporters
2021-02-18 14:06:52,295 INFO [ForkJoinPool.commonPool-worker-5] c.i.w.s.JsonWebhookServiceImpl.lambda$saveClientAsync$27 label: Client or nominee approver
2021-02-18 14:06:52,295 INFO [ForkJoinPool.commonPool-worker-5] c.i.w.s.JsonWebhookServiceImpl.lambda$saveClientAsync$27 label: nominee for timesheet approvals optional
2021-02-18 14:06:52,295 INFO [ForkJoinPool.commonPool-worker-5] c.i.w.s.JsonWebhookServiceImpl.lambda$saveClientAsync$27 label: parsedapproveremail
2021-02-18 14:06:52,296 INFO [ForkJoinPool.commonPool-worker-5] c.i.w.s.JsonWebhookServiceImpl.lambda$saveClientAsync$27 label: Add shift details to the approval emails?
2021-02-18 14:06:52,296 INFO [ForkJoinPool.commonPool-worker-5] c.i.w.s.JsonWebhookServiceImpl.lambda$saveClientAsync$27 label: Deputy location serves multiple clients
2021-02-18 14:06:52,296 INFO [ForkJoinPool.commonPool-worker-3] c.i.w.s.JsonWebhookServiceImpl.lambda$saveClientAsync$27 label: Nav links
2021-02-18 14:06:52,296 INFO [ForkJoinPool.commonPool-worker-5] c.i.w.s.JsonWebhookServiceImpl.lambda$saveClientAsync$27 label: --
2021-02-18 14:06:52,296 INFO [ForkJoinPool.commonPool-worker-3] c.i.w.s.JsonWebhookServiceImpl.lambda$saveClientAsync$27 label: Deputy code
2021-02-18 14:06:52,296 INFO [ForkJoinPool.commonPool-worker-5] c.i.w.s.JsonWebhookServiceImpl.lambda$saveClientAsync$27 label: Nav links
2021-02-18 14:06:52,296 INFO [ForkJoinPool.commonPool-worker-3] c.i.w.s.JsonWebhookServiceImpl.lambda$saveClientAsync$27 label: Needs staff
2021-02-18 14:06:52,297 INFO [ForkJoinPool.commonPool-worker-5] c.i.w.s.JsonWebhookServiceImpl.lambda$saveClientAsync$27 label: Formal advocate
2021-02-18 14:06:52,297 INFO [ForkJoinPool.commonPool-worker-3] c.i.w.s.JsonWebhookServiceImpl.lambda$saveClientAsync$27 label: Staffing needs - details
2021-02-18 14:06:52,297 INFO [ForkJoinPool.commonPool-worker-3] c.i.w.s.JsonWebhookServiceImpl.lambda$saveClientAsync$27 label: Staffing preferences
2021-02-18 14:06:52,297 INFO [ForkJoinPool.commonPool-worker-3] c.i.w.s.JsonWebhookServiceImpl.lambda$saveClientAsync$27 label: General rostering notes
2021-02-18 14:06:52,297 INFO [ForkJoinPool.commonPool-worker-3] c.i.w.s.JsonWebhookServiceImpl.lambda$saveClientAsync$27 label: Assistants not suitable
2021-02-18 14:06:52,297 INFO [ForkJoinPool.commonPool-worker-3] c.i.w.s.JsonWebhookServiceImpl.lambda$saveClientAsync$27 label: Who prepares the roster
2021-02-18 14:06:52,297 INFO [ForkJoinPool.commonPool-worker-5] c.i.w.s.JsonWebhookServiceImpl.lambda$saveClientAsync$27 label: Support coordinator
2021-02-18 14:06:52,297 INFO [ForkJoinPool.commonPool-worker-3] c.i.w.s.JsonWebhookServiceImpl.lambda$saveClientAsync$27 label: Name
2021-02-18 14:06:52,297 INFO [ForkJoinPool.commonPool-worker-3] c.i.w.s.JsonWebhookServiceImpl.lambda$saveClientAsync$27 label: Client FirstName
2021-02-18 14:06:52,297 INFO [ForkJoinPool.commonPool-worker-3] c.i.w.s.JsonWebhookServiceImpl.lambda$saveClientAsync$27 label: Client LastName
2021-02-18 14:06:52,298 INFO [ForkJoinPool.commonPool-worker-3] c.i.w.s.JsonWebhookServiceImpl.lambda$saveClientAsync$27 label: Address & contact info notes
2021-02-18 14:06:52,298 INFO [ForkJoinPool.commonPool-worker-3] c.i.w.s.JsonWebhookServiceImpl.lambda$saveClientAsync$27 label: Photo
2021-02-18 14:06:52,303 INFO [ForkJoinPool.commonPool-worker-7] c.i.w.s.JsonWebhookServiceImpl.lambda$saveClientAsync$27 label: About me
2021-02-18 14:06:52,305 INFO [ForkJoinPool.commonPool-worker-7] c.i.w.s.JsonWebhookServiceImpl.lambda$saveClientAsync$27 label: Health and safety alerts
2021-02-18 14:06:52,306 INFO [ForkJoinPool.commonPool-worker-7] c.i.w.s.JsonWebhookServiceImpl.lambda$saveClientAsync$27 label: Communicates by
2021-02-18 14:06:52,307 INFO [ForkJoinPool.commonPool-worker-7] c.i.w.s.JsonWebhookServiceImpl.lambda$saveClientAsync$27 label: Can do the following independently
2021-02-18 14:06:52,307 INFO [ForkJoinPool.commonPool-worker-7] c.i.w.s.JsonWebhookServiceImpl.lambda$saveClientAsync$27 label: Will need assistance with
2021-02-18 14:06:52,308 INFO [ForkJoinPool.commonPool-worker-5] c.i.w.s.JsonWebhookServiceImpl.lambda$saveClientAsync$27 label: Doctor
2021-02-18 14:06:52,309 INFO [ForkJoinPool.commonPool-worker-5] c.i.w.s.JsonWebhookServiceImpl.lambda$saveClientAsync$27 label: Pharmacy
2021-02-18 14:06:52,310 INFO [ForkJoinPool.commonPool-worker-5] c.i.w.s.JsonWebhookServiceImpl.lambda$saveClientAsync$27 label: Notes/Other key contacts
2021-02-18 14:06:52,311 INFO [ForkJoinPool.commonPool-worker-5] c.i.w.s.JsonWebhookServiceImpl.lambda$saveClientAsync$27 label: --
2021-02-18 14:06:52,311 INFO [ForkJoinPool.commonPool-worker-5] c.i.w.s.JsonWebhookServiceImpl.lambda$saveClientAsync$27 label: Nav links
2021-02-18 14:06:52,311 INFO [ForkJoinPool.commonPool-worker-5] c.i.w.s.JsonWebhookServiceImpl.lambda$saveClientAsync$27 label: Status
2021-02-18 14:06:52,311 INFO [ForkJoinPool.commonPool-worker-5] c.i.w.s.JsonWebhookServiceImpl.lambda$saveClientAsync$27 label: Client Service Manager
2021-02-18 14:06:52,312 INFO [ForkJoinPool.commonPool-worker-7] c.i.w.s.JsonWebhookServiceImpl.lambda$saveClientAsync$27 label: Likes
2021-02-18 14:06:52,313 INFO [ForkJoinPool.commonPool-worker-7] c.i.w.s.JsonWebhookServiceImpl.lambda$saveClientAsync$27 label: Dislikes
2021-02-18 14:06:52,314 INFO [ForkJoinPool.commonPool-worker-3] c.i.w.s.JsonWebhookServiceImpl.lambda$saveClientAsync$27 label: --
2021-02-18 14:06:52,315 INFO [ForkJoinPool.commonPool-worker-3] c.i.w.s.JsonWebhookServiceImpl.lambda$saveClientAsync$27 label: Nav links
2021-02-18 14:06:52,315 INFO [ForkJoinPool.commonPool-worker-3] c.i.w.s.JsonWebhookServiceImpl.lambda$saveClientAsync$27 label: Gender
2021-02-18 14:06:52,316 INFO [ForkJoinPool.commonPool-worker-3] c.i.w.s.JsonWebhookServiceImpl.lambda$saveClientAsync$29 saved client -> 1653440018 
2021-02-18 14:06:52,325 INFO [ForkJoinPool.commonPool-worker-3] c.i.w.s.JsonWebhookServiceImpl.lambda$saveClientAsync$29 {
  "id" : 1653440018,
  "name" : "zzGirish ContactOne",
  "addressContactInfoNotes" : "Please don't call after 6pm",
  "photo" : "{\"mimetype\":\"image/png\",\"perma_link\":null,\"hosted_by\":\"podio\",\"description\":null,\"hosted_by_humanized_name\":\"Podio\",\"size\":216050,\"thumbnail_link\":\"https://files.podio.com/1254338659\",\"link\":\"https://files.podio.com/1254338659\",\"file_id\":1254338659,\"external_file_id\":null,\"link_target\":\"_blank\",\"name\":\"InLife_0780 very small.png\"}",
  "navLinks" : "[Top](https://podio.com/inlifeorgau/clients-and-crm/apps/clients/items/239#name) \\- | - [About me](https://podio.com/inlifeorgau/clients-and-crm/apps/clients/items/239#field) \\- | - [Contacts](https://podio.com/inlifeorgau/clients-and-crm/apps/clients/items/239#field-2) \\- | - [Support management](https://podio.com/inlifeorgau/clients-and-crm/apps/clients/items/239#field-3) \\- | - [Roster & recruiting](https://podio.com/inlifeorgau/clients-and-crm/apps/clients/items/239#field-10) \\- | - [Planning](https://podio.com/inlifeorgau/clients-and-crm/apps/clients/items/239#field-4) \\- | - [Health info](https://podio.com/inlifeorgau/clients-and-crm/apps/clients/items/239#field-5) \\- | - [Support needs](https://podio.com/inlifeorgau/clients-and-crm/apps/clients/items/239#field-6) \\- | - [Funding](https://podio.com/inlifeorgau/clients-and-crm/apps/clients/items/239#field-8) \\- | - [Contract admin](https://podio.com/inlifeorgau/clients-and-crm/apps/clients/items/239#field-9)",
  "gender" : "Male",
  "dateOfBirth" : "1974-02-03",
  "clientPlanLink" : "{\"embed_id\":906334266,\"embed_html\":null,\"description\":null,\"original_url\":\"https://inlife-portal.herokuapp.com/share/challenge_plan/4377a9fa8c1f15bc740cdf03e715122d\",\"url\":\"https://inlife-portal.herokuapp.com/share/challenge_plan/4377a9fa8c1f15bc740cdf03e715122d\",\"hostname\":\"inlife-portal.herokuapp.com\",\"embed_height\":null,\"resolved_url\":\"https://inlife-portal.herokuapp.com/share/challenge_plan/4377a9fa8c1f15bc740cdf03e715122d\",\"title\":\"InLife Portal\",\"type\":\"link\",\"embed_width\":null}",
  "aboutMe" : "<p>I live in Balwyn North. </p><p>I would like to be able to enhance my independence and start doing some things on my own that I enjoy.</p><p></p><p>I really enjoy going to visit art galleries and art exhibitions, catching up with family and friends, and going out or just doing my own thing.</p>",
  "safetyAlerts" : "<p>I have high risks of good food</p>",
  "communicatesBy" : "<p>Team member is excellent communication, she is independent and requires no assistance to communicate.</p>",
  "canDoIndependently" : "<p>My conditions vary greatly as to what I can and can't do on any given day.</p><p>I can inform and direct staff on what is required to assist me. </p>",
  "willNeedAssistanceWith" : "<p>Helping me assist my son in his care as directed by me.</p><p>Helping me to manage all household duties as requested.</p>",
  "likes" : "<ul><li>I enjoy spending time with my son. I like to take him to the all inclusive park or local swimming pool. We also like to go for walks together.</li><li>I would like to be able to enhance my independance and start doing some things on my own that I enjoy.</li><li>I really enjoy going to visit art galleries and art exhibitions, catching up with family and friends and going out or just doing my own thing.</li></ul>",
  "dislikes" : "<ul><li>Being unwell and feeling so tired </li><li>Hot weather</li></ul>",
  "goalsAndPlansToAchieveThem" : "<p><strong class=\"text-bold\">Aim</strong>:   Continue my role as dad to care for him, myself and our home as much as I can.</p><p><strong class=\"text-bold\">Goal</strong>: Engage supports I need to support me in my caring role for him and maintain myself and our home.</p><p><strong class=\"text-bold\">Strategies:</strong></p><ul><li>Recruit suitable staff that match me and my family which include: in-home personal care, community access for my son providing respite for me, and support staff to maintain my home and routine.</li><li>Provide training and support to staff to understand the needs of caring for him, to allow me the supports I require in my life with confidence in the knowledge that the team have solid background and understanding of our needs.</li><li>Open and available supports to me for when changes occur in our conditions, the need to be flexible is vital.</li></ul>",
  "nominatedRepresenativeItemId" : "1123948360",
  "nominatedRepresenativeRelationshipWithClient" : "My friend Ravi",
  "emergencyContactNextOfKinItemId" : "1216540116",
  "emergencyContactRelationshipWithClient" : "<p>Friend</p>",
  "otherSupporterItemId" : "1180363804",
  "formalAdvocateitemId" : "1388312335",
  "supportCoordinatorItemId" : "1356458922",
  "doctorItemId" : "1276816512",
  "pharmacy" : "<p>Sweet medicines</p>",
  "notesOtherKeyContacts" : "<p>All of my street friends</p>",
  "status" : "Former",
  "inlifeCoordinatorItemId" : "1440227524",
  "fileNotes" : "| Topic | Author | Time Stamp | \n |:---|:---|:---:| \n",
  "incidentReports" : "| Incident Number| Team Member | Date and Time of Incident| \n |:---|:---|:---:| \n",
  "documentationRequiredFromAssistantOnDuty" : "<p>Check S drive under Girish folder</p>",
  "emergencyManagementPlan" : "<p>Check E drive under Girish folder</p>",
  "emergencyAlerts" : "Bushfire risk location",
  "sharedCalendarUse" : "InLife roster",
  "linkToSharedCalendar" : null,
  "dateOfLastFormalClientMeeting" : "2021-02-01",
  "holdNextMeetingBy" : "2021-02-25",
  "generateClientPlanToShareWithClient" : null,
  "clientPlanPreparation" : "Posted on Deputy",
  "dateClientPlanWasLastSavedToShareFile" : "2020-08-04",
  "dateClientPlanWasLastApprovedByClient" : "2020-09-16",
  "dateClientPlanWasLastApprovedByDeputy" : "2020-07-10",
  "onboardingRequirementsCompleted" : "Yes",
  "dateOnboardingRequirementsCompleted" : "2020-06-09",
  "notes" : "Support management notes",
  "deputyCode" : "GRTTT"
}
2021-02-18 14:06:52,326 INFO [ForkJoinPool.commonPool-worker-3] c.i.w.s.JsonWebhookServiceImpl.lambda$saveClientAsync$31 finished saving entry
2021-02-18 14:16:06,206 INFO [SpringContextShutdownHook] o.s.s.c.ExecutorConfigurationSupport.shutdown Shutting down ExecutorService 'taskExecutor'
2021-02-18 14:16:06,208 INFO [SpringContextShutdownHook] o.s.o.j.AbstractEntityManagerFactoryBean.destroy Closing JPA EntityManagerFactory for persistence unit 'default'
2021-02-18 14:16:06,213 INFO [SpringContextShutdownHook] c.z.h.HikariDataSource.close HikariPool-1 - Shutdown initiated...
2021-02-18 14:16:06,240 INFO [SpringContextShutdownHook] c.z.h.HikariDataSource.close HikariPool-1 - Shutdown completed.
